blocky;[unknown];write;-;entry_SYSCALL_64_fastpath;syscall_return_slowpath;exit_to_usermode_loop;schedule;finish_task_switch 1
blocky;[unknown];write;-;entry_SYSCALL_64_fastpath;syscall_return_slowpath;exit_to_usermode_loop;schedule;finish_task_switch 1
blocky;[unknown];write;-;entry_SYSCALL_64_fastpath;syscall_return_slowpath;exit_to_usermode_loop;schedule;finish_task_switch 1
blocky;[unknown];__GI___nanosleep;-;entry_SYSCALL_64_fastpath;syscall_return_slowpath;exit_to_usermode_loop;schedule;finish_task_switch 1
blocky;[unknown];write;-;entry_SYSCALL_64_fastpath;syscall_return_slowpath;exit_to_usermode_loop;schedule;finish_task_switch 1
blocky;[unknown];write;-;entry_SYSCALL_64_fastpath;syscall_return_slowpath;exit_to_usermode_loop;schedule;finish_task_switch 1
blocky;[unknown];write;-;entry_SYSCALL_64_fastpath;syscall_return_slowpath;exit_to_usermode_loop;schedule;finish_task_switch 1
blocky;[unknown];write;-;entry_SYSCALL_64_fastpath;syscall_return_slowpath;exit_to_usermode_loop;schedule;finish_task_switch 1
blocky;[unknown];write;-;entry_SYSCALL_64_fastpath;syscall_return_slowpath;exit_to_usermode_loop;schedule;finish_task_switch 1
blocky;[unknown];write;-;entry_SYSCALL_64_fastpath;syscall_return_slowpath;exit_to_usermode_loop;schedule;finish_task_switch 1
blocky;[unknown];write;-;entry_SYSCALL_64_fastpath;syscall_return_slowpath;exit_to_usermode_loop;schedule;finish_task_switch 1
blocky;[unknown];write;-;entry_SYSCALL_64_fastpath;syscall_return_slowpath;exit_to_usermode_loop;schedule;finish_task_switch 1
blocky;[unknown];write;-;entry_SYSCALL_64_fastpath;syscall_return_slowpath;exit_to_usermode_loop;schedule;finish_task_switch 1
blocky;[unknown];write;-;entry_SYSCALL_64_fastpath;syscall_return_slowpath;exit_to_usermode_loop;schedule;finish_task_switch 1
blocky;[unknown];write;-;entry_SYSCALL_64_fastpath;syscall_return_slowpath;exit_to_usermode_loop;schedule;finish_task_switch 1
blocky;[unknown];write;-;entry_SYSCALL_64_fastpath;syscall_return_slowpath;exit_to_usermode_loop;schedule;finish_task_switch 1
blocky;[unknown];write;-;entry_SYSCALL_64_fastpath;syscall_return_slowpath;exit_to_usermode_loop;schedule;finish_task_switch 1
blocky;[unknown];write;-;entry_SYSCALL_64_fastpath;syscall_return_slowpath;exit_to_usermode_loop;schedule;finish_task_switch 1
blocky;[unknown];write;-;entry_SYSCALL_64_fastpath;syscall_return_slowpath;exit_to_usermode_loop;schedule;finish_task_switch 1
blocky;[unknown];write;-;entry_SYSCALL_64_fastpath;syscall_return_slowpath;exit_to_usermode_loop;schedule;finish_task_switch 1
blocky;[unknown];write;-;entry_SYSCALL_64_fastpath;syscall_return_slowpath;exit_to_usermode_loop;schedule;finish_task_switch 1
blocky;[unknown];write;-;entry_SYSCALL_64_fastpath;syscall_return_slowpath;exit_to_usermode_loop;schedule;finish_task_switch 1
blocky;[unknown];write;-;entry_SYSCALL_64_fastpath;syscall_return_slowpath;exit_to_usermode_loop;schedule;finish_task_switch 1
blocky;[unknown];write;-;entry_SYSCALL_64_fastpath;syscall_return_slowpath;exit_to_usermode_loop;schedule;finish_task_switch 1
blocky;[unknown];write;-;entry_SYSCALL_64_fastpath;sys_write;vfs_write;__vfs_write;tty_write;n_tty_write;mutex_lock;_cond_resched;finish_task_switch 4
blocky;start_thread;request_processor;__lll_unlock_wake;-;entry_SYSCALL_64_fastpath;syscall_return_slowpath;exit_to_usermode_loop;schedule;finish_task_switch 4
blocky;[unknown];write;-;entry_SYSCALL_64_fastpath;sys_write;vfs_write;__vfs_write;tty_write;n_tty_write;mutex_lock;_cond_resched;finish_task_switch 4
blocky;[unknown];write;-;entry_SYSCALL_64_fastpath;sys_write;vfs_write;__vfs_write;tty_write;n_tty_write;mutex_lock;_cond_resched;finish_task_switch 4
blocky;[unknown];write;-;entry_SYSCALL_64_fastpath;sys_write;vfs_write;__vfs_write;tty_write;n_tty_write;mutex_lock;_cond_resched;finish_task_switch 5
blocky;[unknown];__GI___nanosleep;-;entry_SYSCALL_64_fastpath;sys_write;vfs_write;__vfs_write;tty_write;n_tty_write;mutex_lock;_cond_resched;finish_task_switch 5
blocky;[unknown];write;-;entry_SYSCALL_64_fastpath;sys_write;vfs_write;__vfs_write;tty_write;n_tty_write;mutex_lock;_cond_resched;finish_task_switch 7
blocky;start_thread;write;-;entry_SYSCALL_64_fastpath;sys_write;vfs_write;__vfs_write;tty_write;n_tty_write;mutex_lock;_cond_resched;finish_task_switch 7
blocky;[unknown];write;-;entry_SYSCALL_64_fastpath;sys_write;vfs_write;__vfs_write;tty_write;n_tty_write;mutex_lock;_cond_resched;finish_task_switch 7
blocky;[unknown];write;-;entry_SYSCALL_64_fastpath;sys_write;vfs_write;__vfs_write;tty_write;n_tty_write;mutex_lock;_cond_resched;finish_task_switch 7
blocky;[unknown];write;-;entry_SYSCALL_64_fastpath;sys_write;vfs_write;__vfs_write;tty_write;n_tty_write;mutex_lock;_cond_resched;finish_task_switch 7
blocky;[unknown];write;-;entry_SYSCALL_64_fastpath;sys_write;vfs_write;__vfs_write;tty_write;n_tty_write;mutex_lock;_cond_resched;finish_task_switch 7
blocky;[unknown];write;-;entry_SYSCALL_64_fastpath;sys_write;vfs_write;__vfs_write;tty_write;n_tty_write;mutex_lock;_cond_resched;finish_task_switch 7
blocky;[unknown];write;-;entry_SYSCALL_64_fastpath;sys_write;vfs_write;__vfs_write;tty_write;n_tty_write;mutex_lock;_cond_resched;finish_task_switch 7
blocky;[unknown];write;-;entry_SYSCALL_64_fastpath;sys_write;vfs_write;__vfs_write;tty_write;n_tty_write;mutex_lock;_cond_resched;finish_task_switch 7
blocky;[unknown];write;-;entry_SYSCALL_64_fastpath;sys_write;vfs_write;__vfs_write;tty_write;n_tty_write;mutex_lock;_cond_resched;finish_task_switch 7
blocky;[unknown];write;-;entry_SYSCALL_64_fastpath;sys_write;vfs_write;__vfs_write;tty_write;n_tty_write;mutex_lock;_cond_resched;finish_task_switch 7
blocky;[unknown];write;-;entry_SYSCALL_64_fastpath;sys_write;vfs_write;__vfs_write;tty_write;n_tty_write;mutex_lock;_cond_resched;finish_task_switch 7
blocky;[unknown];write;-;entry_SYSCALL_64_fastpath;sys_write;vfs_write;__vfs_write;tty_write;n_tty_write;mutex_lock;_cond_resched;finish_task_switch 7
blocky;[unknown];write;-;entry_SYSCALL_64_fastpath;sys_write;vfs_write;__vfs_write;tty_write;n_tty_write;mutex_lock;_cond_resched;finish_task_switch 7
blocky;[unknown];write;-;entry_SYSCALL_64_fastpath;sys_write;vfs_write;__vfs_write;tty_write;n_tty_write;mutex_lock;_cond_resched;finish_task_switch 8
blocky;[unknown];write;-;entry_SYSCALL_64_fastpath;sys_write;vfs_write;__vfs_write;tty_write;n_tty_write;mutex_lock;_cond_resched;finish_task_switch 8
blocky;[unknown];write;-;entry_SYSCALL_64_fastpath;sys_write;vfs_write;__vfs_write;tty_write;n_tty_write;mutex_lock;_cond_resched;finish_task_switch 8
blocky;[unknown];write;-;entry_SYSCALL_64_fastpath;sys_write;vfs_write;__vfs_write;tty_write;n_tty_write;mutex_lock;_cond_resched;finish_task_switch 8
blocky;[unknown];write;-;entry_SYSCALL_64_fastpath;sys_write;vfs_write;__vfs_write;tty_write;n_tty_write;mutex_lock;_cond_resched;finish_task_switch 9
blocky;[unknown];write;-;entry_SYSCALL_64_fastpath;sys_write;vfs_write;__vfs_write;tty_write;n_tty_write;mutex_lock;_cond_resched;finish_task_switch 9
blocky;[unknown];write;-;entry_SYSCALL_64_fastpath;sys_write;vfs_write;__vfs_write;tty_write;n_tty_write;mutex_lock;_cond_resched;finish_task_switch 9
blocky;[unknown];write;-;entry_SYSCALL_64_fastpath;syscall_return_slowpath;exit_to_usermode_loop;schedule;finish_task_switch 10
blocky;[unknown];write;-;entry_SYSCALL_64_fastpath;syscall_return_slowpath;exit_to_usermode_loop;schedule;finish_task_switch 11
blocky;[unknown];write;-;entry_SYSCALL_64_fastpath;syscall_return_slowpath;exit_to_usermode_loop;schedule;finish_task_switch 11
blocky;[unknown];write;-;entry_SYSCALL_64_fastpath;sys_write;vfs_write;__vfs_write;tty_write;n_tty_write;mutex_lock;_cond_resched;finish_task_switch 18
blocky;start_thread;request_processor;do_work;-;retint_user;prepare_exit_to_usermode;exit_to_usermode_loop;schedule;finish_task_switch 27
blocky;start_thread;request_processor;do_work;-;retint_user;prepare_exit_to_usermode;exit_to_usermode_loop;schedule;finish_task_switch 32
blocky;[unknown];write;-;entry_SYSCALL_64_fastpath;sys_write;vfs_write;__vfs_write;tty_write;n_tty_write;mutex_lock;_cond_resched;finish_task_switch 43
blocky;[unknown];write;-;entry_SYSCALL_64_fastpath;sys_write;vfs_write;__vfs_write;tty_write;n_tty_write;mutex_lock;_cond_resched;finish_task_switch 43
blocky;[unknown];write;-;entry_SYSCALL_64_fastpath;sys_write;vfs_write;__vfs_write;tty_write;n_tty_write;mutex_lock;_cond_resched;finish_task_switch 44
blocky;[unknown];write;-;entry_SYSCALL_64_fastpath;sys_write;vfs_write;__vfs_write;tty_write;n_tty_write;mutex_lock;_cond_resched;finish_task_switch 51
blocky;start_thread;backend_handler;write;-;entry_SYSCALL_64_fastpath;sys_write;vfs_write;__vfs_write;tty_write;n_tty_write;mutex_lock;_cond_resched;finish_task_switch 107
blocky;start_thread;backend_handler;__lll_unlock_wake;-;entry_SYSCALL_64_fastpath;syscall_return_slowpath;exit_to_usermode_loop;schedule;finish_task_switch 232
blocky;start_thread;backend_handler;__lll_lock_wait;-;entry_SYSCALL_64_fastpath;sys_futex;do_futex;futex_wait;futex_wait_queue_me;schedule;finish_task_switch 4055
blocky;[unknown];__GI___nanosleep;-;entry_SYSCALL_64_fastpath;sys_nanosleep;hrtimer_nanosleep;do_nanosleep;schedule;finish_task_switch 30185
blocky;[unknown];__GI___nanosleep;-;entry_SYSCALL_64_fastpath;sys_nanosleep;hrtimer_nanosleep;do_nanosleep;schedule;finish_task_switch 40913
blocky;[unknown];__GI___nanosleep;-;entry_SYSCALL_64_fastpath;sys_nanosleep;hrtimer_nanosleep;do_nanosleep;schedule;finish_task_switch 60443
blocky;start_thread;__GI___nanosleep;-;entry_SYSCALL_64_fastpath;sys_nanosleep;hrtimer_nanosleep;do_nanosleep;schedule;finish_task_switch 100785
blocky;[unknown];__GI___nanosleep;-;entry_SYSCALL_64_fastpath;sys_nanosleep;hrtimer_nanosleep;do_nanosleep;schedule;finish_task_switch 141034
blocky;[unknown];__GI___nanosleep;-;entry_SYSCALL_64_fastpath;sys_nanosleep;hrtimer_nanosleep;do_nanosleep;schedule;finish_task_switch 171288
blocky;[unknown];__GI___nanosleep;-;entry_SYSCALL_64_fastpath;sys_nanosleep;hrtimer_nanosleep;do_nanosleep;schedule;finish_task_switch 181268
blocky;[unknown];__GI___nanosleep;-;entry_SYSCALL_64_fastpath;sys_nanosleep;hrtimer_nanosleep;do_nanosleep;schedule;finish_task_switch 251667
blocky;[unknown];__GI___nanosleep;-;entry_SYSCALL_64_fastpath;sys_nanosleep;hrtimer_nanosleep;do_nanosleep;schedule;finish_task_switch 261663
blocky;[unknown];__GI___nanosleep;-;entry_SYSCALL_64_fastpath;sys_nanosleep;hrtimer_nanosleep;do_nanosleep;schedule;finish_task_switch 271493
blocky;[unknown];__GI___nanosleep;-;entry_SYSCALL_64_fastpath;sys_nanosleep;hrtimer_nanosleep;do_nanosleep;schedule;finish_task_switch 271662
blocky;[unknown];__GI___nanosleep;-;entry_SYSCALL_64_fastpath;sys_nanosleep;hrtimer_nanosleep;do_nanosleep;schedule;finish_task_switch 271709
blocky;[unknown];__GI___nanosleep;-;entry_SYSCALL_64_fastpath;sys_nanosleep;hrtimer_nanosleep;do_nanosleep;schedule;finish_task_switch 271710
blocky;[unknown];__GI___nanosleep;-;entry_SYSCALL_64_fastpath;sys_nanosleep;hrtimer_nanosleep;do_nanosleep;schedule;finish_task_switch 271735
blocky;[unknown];__GI___nanosleep;-;entry_SYSCALL_64_fastpath;sys_nanosleep;hrtimer_nanosleep;do_nanosleep;schedule;finish_task_switch 271765
blocky;[unknown];__GI___nanosleep;-;entry_SYSCALL_64_fastpath;sys_nanosleep;hrtimer_nanosleep;do_nanosleep;schedule;finish_task_switch 271765
blocky;[unknown];__GI___nanosleep;-;entry_SYSCALL_64_fastpath;sys_nanosleep;hrtimer_nanosleep;do_nanosleep;schedule;finish_task_switch 271774
blocky;[unknown];__GI___nanosleep;-;entry_SYSCALL_64_fastpath;sys_nanosleep;hrtimer_nanosleep;do_nanosleep;schedule;finish_task_switch 271789
blocky;[unknown];__GI___nanosleep;-;entry_SYSCALL_64_fastpath;sys_nanosleep;hrtimer_nanosleep;do_nanosleep;schedule;finish_task_switch 271789
blocky;[unknown];__GI___nanosleep;-;entry_SYSCALL_64_fastpath;sys_nanosleep;hrtimer_nanosleep;do_nanosleep;schedule;finish_task_switch 271793
blocky;[unknown];__GI___nanosleep;-;entry_SYSCALL_64_fastpath;sys_nanosleep;hrtimer_nanosleep;do_nanosleep;schedule;finish_task_switch 271796
blocky;[unknown];__GI___nanosleep;-;entry_SYSCALL_64_fastpath;sys_nanosleep;hrtimer_nanosleep;do_nanosleep;schedule;finish_task_switch 271804
blocky;[unknown];__GI___nanosleep;-;entry_SYSCALL_64_fastpath;sys_nanosleep;hrtimer_nanosleep;do_nanosleep;schedule;finish_task_switch 271817
blocky;[unknown];__GI___nanosleep;-;entry_SYSCALL_64_fastpath;sys_nanosleep;hrtimer_nanosleep;do_nanosleep;schedule;finish_task_switch 271823
blocky;[unknown];__GI___nanosleep;-;entry_SYSCALL_64_fastpath;sys_nanosleep;hrtimer_nanosleep;do_nanosleep;schedule;finish_task_switch 271835
blocky;[unknown];__GI___nanosleep;-;entry_SYSCALL_64_fastpath;sys_nanosleep;hrtimer_nanosleep;do_nanosleep;schedule;finish_task_switch 271838
blocky;[unknown];__GI___nanosleep;-;entry_SYSCALL_64_fastpath;sys_nanosleep;hrtimer_nanosleep;do_nanosleep;schedule;finish_task_switch 271839
blocky;[unknown];__GI___nanosleep;-;entry_SYSCALL_64_fastpath;sys_nanosleep;hrtimer_nanosleep;do_nanosleep;schedule;finish_task_switch 271841
blocky;[unknown];write;-;entry_SYSCALL_64_fastpath;sys_nanosleep;hrtimer_nanosleep;do_nanosleep;schedule;finish_task_switch 271860
blocky;[unknown];__GI___nanosleep;-;entry_SYSCALL_64_fastpath;sys_nanosleep;hrtimer_nanosleep;do_nanosleep;schedule;finish_task_switch 271866
blocky;[unknown];__GI___nanosleep;-;entry_SYSCALL_64_fastpath;sys_nanosleep;hrtimer_nanosleep;do_nanosleep;schedule;finish_task_switch 271867
blocky;[unknown];__GI___nanosleep;-;entry_SYSCALL_64_fastpath;sys_nanosleep;hrtimer_nanosleep;do_nanosleep;schedule;finish_task_switch 271869
blocky;[unknown];__GI___nanosleep;-;entry_SYSCALL_64_fastpath;sys_nanosleep;hrtimer_nanosleep;do_nanosleep;schedule;finish_task_switch 271881
blocky;[unknown];__GI___nanosleep;-;entry_SYSCALL_64_fastpath;sys_nanosleep;hrtimer_nanosleep;do_nanosleep;schedule;finish_task_switch 271888
blocky;[unknown];__GI___nanosleep;-;entry_SYSCALL_64_fastpath;sys_nanosleep;hrtimer_nanosleep;do_nanosleep;schedule;finish_task_switch 271891
blocky;[unknown];__GI___nanosleep;-;entry_SYSCALL_64_fastpath;sys_nanosleep;hrtimer_nanosleep;do_nanosleep;schedule;finish_task_switch 271895
blocky;[unknown];__GI___nanosleep;-;entry_SYSCALL_64_fastpath;sys_nanosleep;hrtimer_nanosleep;do_nanosleep;schedule;finish_task_switch 271897
blocky;[unknown];__GI___nanosleep;-;entry_SYSCALL_64_fastpath;sys_nanosleep;hrtimer_nanosleep;do_nanosleep;schedule;finish_task_switch 271900
blocky;[unknown];__GI___nanosleep;-;entry_SYSCALL_64_fastpath;sys_nanosleep;hrtimer_nanosleep;do_nanosleep;schedule;finish_task_switch 271905
blocky;[unknown];__GI___nanosleep;-;entry_SYSCALL_64_fastpath;sys_nanosleep;hrtimer_nanosleep;do_nanosleep;schedule;finish_task_switch 271913
blocky;[unknown];__GI___nanosleep;-;entry_SYSCALL_64_fastpath;sys_nanosleep;hrtimer_nanosleep;do_nanosleep;schedule;finish_task_switch 271915
blocky;[unknown];__GI___nanosleep;-;entry_SYSCALL_64_fastpath;sys_nanosleep;hrtimer_nanosleep;do_nanosleep;schedule;finish_task_switch 271929
blocky;[unknown];__GI___nanosleep;-;entry_SYSCALL_64_fastpath;sys_nanosleep;hrtimer_nanosleep;do_nanosleep;schedule;finish_task_switch 271938
blocky;[unknown];__GI___nanosleep;-;entry_SYSCALL_64_fastpath;sys_nanosleep;hrtimer_nanosleep;do_nanosleep;schedule;finish_task_switch 271948
blocky;[unknown];__GI___nanosleep;-;entry_SYSCALL_64_fastpath;sys_nanosleep;hrtimer_nanosleep;do_nanosleep;schedule;finish_task_switch 271958
blocky;[unknown];__GI___nanosleep;-;entry_SYSCALL_64_fastpath;sys_nanosleep;hrtimer_nanosleep;do_nanosleep;schedule;finish_task_switch 271973
blocky;[unknown];__GI___nanosleep;-;entry_SYSCALL_64_fastpath;sys_nanosleep;hrtimer_nanosleep;do_nanosleep;schedule;finish_task_switch 271976
blocky;[unknown];__GI___nanosleep;-;entry_SYSCALL_64_fastpath;sys_nanosleep;hrtimer_nanosleep;do_nanosleep;schedule;finish_task_switch 271987
blocky;[unknown];__GI___nanosleep;-;entry_SYSCALL_64_fastpath;sys_nanosleep;hrtimer_nanosleep;do_nanosleep;schedule;finish_task_switch 272004
blocky;[unknown];__GI___nanosleep;-;entry_SYSCALL_64_fastpath;sys_nanosleep;hrtimer_nanosleep;do_nanosleep;schedule;finish_task_switch 272015
blocky;[unknown];__GI___nanosleep;-;entry_SYSCALL_64_fastpath;sys_nanosleep;hrtimer_nanosleep;do_nanosleep;schedule;finish_task_switch 272018
blocky;[unknown];__GI___nanosleep;-;entry_SYSCALL_64_fastpath;sys_nanosleep;hrtimer_nanosleep;do_nanosleep;schedule;finish_task_switch 272020
blocky;[unknown];__GI___nanosleep;-;entry_SYSCALL_64_fastpath;sys_nanosleep;hrtimer_nanosleep;do_nanosleep;schedule;finish_task_switch 272021
blocky;[unknown];__GI___nanosleep;-;entry_SYSCALL_64_fastpath;sys_nanosleep;hrtimer_nanosleep;do_nanosleep;schedule;finish_task_switch 272032
blocky;[unknown];__GI___nanosleep;-;entry_SYSCALL_64_fastpath;sys_nanosleep;hrtimer_nanosleep;do_nanosleep;schedule;finish_task_switch 272032
blocky;[unknown];__GI___nanosleep;-;entry_SYSCALL_64_fastpath;sys_nanosleep;hrtimer_nanosleep;do_nanosleep;schedule;finish_task_switch 272035
blocky;[unknown];__GI___nanosleep;-;entry_SYSCALL_64_fastpath;sys_nanosleep;hrtimer_nanosleep;do_nanosleep;schedule;finish_task_switch 272038
blocky;[unknown];__GI___nanosleep;-;entry_SYSCALL_64_fastpath;sys_nanosleep;hrtimer_nanosleep;do_nanosleep;schedule;finish_task_switch 272041
blocky;[unknown];__GI___nanosleep;-;entry_SYSCALL_64_fastpath;sys_nanosleep;hrtimer_nanosleep;do_nanosleep;schedule;finish_task_switch 272043
blocky;[unknown];__GI___nanosleep;-;entry_SYSCALL_64_fastpath;sys_nanosleep;hrtimer_nanosleep;do_nanosleep;schedule;finish_task_switch 272054
blocky;[unknown];__GI___nanosleep;-;entry_SYSCALL_64_fastpath;sys_nanosleep;hrtimer_nanosleep;do_nanosleep;schedule;finish_task_switch 272054
blocky;[unknown];__GI___nanosleep;-;entry_SYSCALL_64_fastpath;sys_nanosleep;hrtimer_nanosleep;do_nanosleep;schedule;finish_task_switch 272068
blocky;[unknown];__GI___nanosleep;-;entry_SYSCALL_64_fastpath;sys_nanosleep;hrtimer_nanosleep;do_nanosleep;schedule;finish_task_switch 272070
blocky;[unknown];__GI___nanosleep;-;entry_SYSCALL_64_fastpath;sys_nanosleep;hrtimer_nanosleep;do_nanosleep;schedule;finish_task_switch 272076
blocky;[unknown];__GI___nanosleep;-;entry_SYSCALL_64_fastpath;sys_nanosleep;hrtimer_nanosleep;do_nanosleep;schedule;finish_task_switch 272082
blocky;[unknown];__GI___nanosleep;-;entry_SYSCALL_64_fastpath;sys_nanosleep;hrtimer_nanosleep;do_nanosleep;schedule;finish_task_switch 272084
blocky;[unknown];write;-;entry_SYSCALL_64_fastpath;sys_nanosleep;hrtimer_nanosleep;do_nanosleep;schedule;finish_task_switch 272088
blocky;[unknown];__GI___nanosleep;-;entry_SYSCALL_64_fastpath;sys_nanosleep;hrtimer_nanosleep;do_nanosleep;schedule;finish_task_switch 272089
blocky;[unknown];__GI___nanosleep;-;entry_SYSCALL_64_fastpath;sys_nanosleep;hrtimer_nanosleep;do_nanosleep;schedule;finish_task_switch 272091
blocky;[unknown];__GI___nanosleep;-;entry_SYSCALL_64_fastpath;sys_nanosleep;hrtimer_nanosleep;do_nanosleep;schedule;finish_task_switch 272096
blocky;[unknown];__GI___nanosleep;-;entry_SYSCALL_64_fastpath;sys_nanosleep;hrtimer_nanosleep;do_nanosleep;schedule;finish_task_switch 272100
blocky;[unknown];__GI___nanosleep;-;entry_SYSCALL_64_fastpath;sys_nanosleep;hrtimer_nanosleep;do_nanosleep;schedule;finish_task_switch 272108
blocky;[unknown];__GI___nanosleep;-;entry_SYSCALL_64_fastpath;sys_nanosleep;hrtimer_nanosleep;do_nanosleep;schedule;finish_task_switch 272117
blocky;[unknown];__GI___nanosleep;-;entry_SYSCALL_64_fastpath;sys_nanosleep;hrtimer_nanosleep;do_nanosleep;schedule;finish_task_switch 272123
blocky;[unknown];__GI___nanosleep;-;entry_SYSCALL_64_fastpath;sys_nanosleep;hrtimer_nanosleep;do_nanosleep;schedule;finish_task_switch 272124
blocky;[unknown];__GI___nanosleep;-;entry_SYSCALL_64_fastpath;sys_nanosleep;hrtimer_nanosleep;do_nanosleep;schedule;finish_task_switch 272133
blocky;[unknown];__GI___nanosleep;-;entry_SYSCALL_64_fastpath;sys_nanosleep;hrtimer_nanosleep;do_nanosleep;schedule;finish_task_switch 272134
blocky;[unknown];__GI___nanosleep;-;entry_SYSCALL_64_fastpath;sys_nanosleep;hrtimer_nanosleep;do_nanosleep;schedule;finish_task_switch 272134
blocky;[unknown];__GI___nanosleep;-;entry_SYSCALL_64_fastpath;sys_nanosleep;hrtimer_nanosleep;do_nanosleep;schedule;finish_task_switch 272136
blocky;[unknown];__GI___nanosleep;-;entry_SYSCALL_64_fastpath;sys_nanosleep;hrtimer_nanosleep;do_nanosleep;schedule;finish_task_switch 272136
blocky;[unknown];__GI___nanosleep;-;entry_SYSCALL_64_fastpath;sys_nanosleep;hrtimer_nanosleep;do_nanosleep;schedule;finish_task_switch 272137
blocky;[unknown];__GI___nanosleep;-;entry_SYSCALL_64_fastpath;sys_nanosleep;hrtimer_nanosleep;do_nanosleep;schedule;finish_task_switch 272143
blocky;[unknown];__GI___nanosleep;-;entry_SYSCALL_64_fastpath;sys_nanosleep;hrtimer_nanosleep;do_nanosleep;schedule;finish_task_switch 272148
blocky;[unknown];__GI___nanosleep;-;entry_SYSCALL_64_fastpath;sys_nanosleep;hrtimer_nanosleep;do_nanosleep;schedule;finish_task_switch 272155
blocky;[unknown];__GI___nanosleep;-;entry_SYSCALL_64_fastpath;sys_nanosleep;hrtimer_nanosleep;do_nanosleep;schedule;finish_task_switch 272156
blocky;[unknown];__GI___nanosleep;-;entry_SYSCALL_64_fastpath;sys_nanosleep;hrtimer_nanosleep;do_nanosleep;schedule;finish_task_switch 272212
blocky;[unknown];__GI___nanosleep;-;entry_SYSCALL_64_fastpath;sys_nanosleep;hrtimer_nanosleep;do_nanosleep;schedule;finish_task_switch 272267
blocky;[unknown];__GI___nanosleep;-;entry_SYSCALL_64_fastpath;sys_nanosleep;hrtimer_nanosleep;do_nanosleep;schedule;finish_task_switch 272269
blocky;[unknown];__GI___nanosleep;-;entry_SYSCALL_64_fastpath;sys_nanosleep;hrtimer_nanosleep;do_nanosleep;schedule;finish_task_switch 272312
blocky;[unknown];__GI___nanosleep;-;entry_SYSCALL_64_fastpath;sys_nanosleep;hrtimer_nanosleep;do_nanosleep;schedule;finish_task_switch 272391
blocky;[unknown];__GI___nanosleep;-;entry_SYSCALL_64_fastpath;sys_nanosleep;hrtimer_nanosleep;do_nanosleep;schedule;finish_task_switch 272433
blocky;[unknown];__GI___nanosleep;-;entry_SYSCALL_64_fastpath;sys_nanosleep;hrtimer_nanosleep;do_nanosleep;schedule;finish_task_switch 272510
blocky;[unknown];__GI___nanosleep;-;entry_SYSCALL_64_fastpath;sys_nanosleep;hrtimer_nanosleep;do_nanosleep;schedule;finish_task_switch 272611
blocky;[unknown];__GI___nanosleep;-;entry_SYSCALL_64_fastpath;sys_nanosleep;hrtimer_nanosleep;do_nanosleep;schedule;finish_task_switch 272633
blocky;[unknown];__GI___nanosleep;-;entry_SYSCALL_64_fastpath;sys_nanosleep;hrtimer_nanosleep;do_nanosleep;schedule;finish_task_switch 272646
blocky;[unknown];__GI___nanosleep;-;entry_SYSCALL_64_fastpath;sys_nanosleep;hrtimer_nanosleep;do_nanosleep;schedule;finish_task_switch 272871
blocky;[unknown];__GI___nanosleep;-;entry_SYSCALL_64_fastpath;sys_nanosleep;hrtimer_nanosleep;do_nanosleep;schedule;finish_task_switch 282035
blocky;[unknown];__GI___nanosleep;-;entry_SYSCALL_64_fastpath;sys_nanosleep;hrtimer_nanosleep;do_nanosleep;schedule;finish_task_switch 282043
blocky;[unknown];__GI___nanosleep;-;entry_SYSCALL_64_fastpath;sys_nanosleep;hrtimer_nanosleep;do_nanosleep;schedule;finish_task_switch 543872
blocky;[unknown];__GI___nanosleep;-;entry_SYSCALL_64_fastpath;sys_nanosleep;hrtimer_nanosleep;do_nanosleep;schedule;finish_task_switch 544039
blocky;[unknown];__GI___nanosleep;-;entry_SYSCALL_64_fastpath;sys_nanosleep;hrtimer_nanosleep;do_nanosleep;schedule;finish_task_switch 544152
blocky;start_thread;backend_handler;__GI___nanosleep;-;entry_SYSCALL_64_fastpath;sys_nanosleep;hrtimer_nanosleep;do_nanosleep;schedule;finish_task_switch 2881625
blocky;start_thread;request_processor;__lll_lock_wait;-;entry_SYSCALL_64_fastpath;sys_futex;do_futex;futex_wait;futex_wait_queue_me;schedule;finish_task_switch 29988282
blocky;start_thread;request_processor;__lll_lock_wait;-;entry_SYSCALL_64_fastpath;sys_futex;do_futex;futex_wait;futex_wait_queue_me;schedule;finish_task_switch 29992264
